# JRE version: OpenJDK Runtime Environment (11.0.10) (build 11.0.10+0-b96-7249189)
# Java VM: OpenJDK 64-Bit Server VM (11.0.10+0-b96-7249189, mixed mode, tiered, compressed oops, g1 gc, windows-amd64)
Heap:
 garbage-first heap   total 366592K, used 315013K [0x0000000080000000, 0x0000000100000000)
  region size 1024K, 98 young (100352K), 13 survivors (13312K)
 Metaspace       used 145047K, capacity 148940K, committed 149164K, reserved 1179648K
  class space    used 17885K, capacity 19339K, committed 19456K, reserved 1048576K
GC Heap History (20 events):
Event: 591.661 GC heap after
{Heap after GC invocations=120 (full 0):
 garbage-first heap   total 366592K, used 216893K [0x0000000080000000, 0x0000000100000000)
  region size 1024K, 4 young (4096K), 4 survivors (4096K)
 Metaspace       used 144950K, capacity 148799K, committed 149164K, reserved 1179648K
  class space    used 17882K, capacity 19338K, committed 19456K, reserved 1048576K
}
Event: 593.700 GC heap before
{Heap before GC invocations=120 (full 0):
 garbage-first heap   total 366592K, used 319293K [0x0000000080000000, 0x0000000100000000)
  region size 1024K, 104 young (106496K), 4 survivors (4096K)
 Metaspace       used 144953K, capacity 148799K, committed 149164K, reserved 1179648K
  class space    used 17883K, capacity 19338K, committed 19456K, reserved 1048576K
}
Event: 593.712 GC heap after
{Heap after GC invocations=121 (full 0):
 garbage-first heap   total 366592K, used 217262K [0x0000000080000000, 0x0000000100000000)
  region size 1024K, 5 young (5120K), 5 survivors (5120K)
 Metaspace       used 144953K, capacity 148799K, committed 149164K, reserved 1179648K
  class space    used 17883K, capacity 19338K, committed 19456K, reserved 1048576K
}
Event: 595.624 GC heap before
{Heap before GC invocations=121 (full 0):
 garbage-first heap   total 366592K, used 319662K [0x0000000080000000, 0x0000000100000000)
  region size 1024K, 105 young (107520K), 5 survivors (5120K)
 Metaspace       used 144954K, capacity 148799K, committed 149164K, reserved 1179648K
  class space    used 17883K, capacity 19338K, committed 19456K, reserved 1048576K
}
Event: 595.639 GC heap after
{Heap after GC invocations=122 (full 0):
 garbage-first heap   total 366592K, used 217907K [0x0000000080000000, 0x0000000100000000)
  region size 1024K, 5 young (5120K), 5 survivors (5120K)
 Metaspace       used 144954K, capacity 148799K, committed 149164K, reserved 1179648K
  class space    used 17883K, capacity 19338K, committed 19456K, reserved 1048576K
}
Event: 596.433 GC heap before
{Heap before GC invocations=122 (full 0):
 garbage-first heap   total 366592K, used 321331K [0x0000000080000000, 0x0000000100000000)
  region size 1024K, 106 young (108544K), 5 survivors (5120K)
 Metaspace       used 144957K, capacity 148799K, committed 149164K, reserved 1179648K
  class space    used 17883K, capacity 19338K, committed 19456K, reserved 1048576K
}
Event: 596.447 GC heap after
{Heap after GC invocations=123 (full 0):
 garbage-first heap   total 366592K, used 218368K [0x0000000080000000, 0x0000000100000000)
  region size 1024K, 6 young (6144K), 6 survivors (6144K)
 Metaspace       used 144957K, capacity 148799K, committed 149164K, reserved 1179648K
  class space    used 17883K, capacity 19338K, committed 19456K, reserved 1048576K
}
Event: 597.776 GC heap before
{Heap before GC invocations=123 (full 0):
 garbage-first heap   total 366592K, used 321792K [0x0000000080000000, 0x0000000100000000)
  region size 1024K, 107 young (109568K), 6 survivors (6144K)
 Metaspace       used 144958K, capacity 148799K, committed 149164K, reserved 1179648K
  class space    used 17883K, capacity 19338K, committed 19456K, reserved 1048576K
}
Event: 597.794 GC heap after
{Heap after GC invocations=124 (full 0):
 garbage-first heap   total 366592K, used 218664K [0x0000000080000000, 0x0000000100000000)
  region size 1024K, 6 young (6144K), 6 survivors (6144K)
 Metaspace       used 144958K, capacity 148799K, committed 149164K, reserved 1179648K
  class space    used 17883K, capacity 19338K, committed 19456K, reserved 1048576K
}
Event: 598.639 GC heap before
{Heap before GC invocations=124 (full 0):
 garbage-first heap   total 366592K, used 322088K [0x0000000080000000, 0x0000000100000000)
  region size 1024K, 107 young (109568K), 6 survivors (6144K)
 Metaspace       used 144961K, capacity 148799K, committed 149164K, reserved 1179648K
  class space    used 17883K, capacity 19338K, committed 19456K, reserved 1048576K
}
Event: 598.655 GC heap after
{Heap after GC invocations=125 (full 0):
 garbage-first heap   total 366592K, used 219483K [0x0000000080000000, 0x0000000100000000)
  region size 1024K, 7 young (7168K), 7 survivors (7168K)
 Metaspace       used 144961K, capacity 148799K, committed 149164K, reserved 1179648K
  class space    used 17883K, capacity 19338K, committed 19456K, reserved 1048576K
}
Event: 602.298 GC heap before
{Heap before GC invocations=125 (full 0):
 garbage-first heap   total 366592K, used 322907K [0x0000000080000000, 0x0000000100000000)
  region size 1024K, 107 young (109568K), 7 survivors (7168K)
 Metaspace       used 144997K, capacity 148867K, committed 149164K, reserved 1179648K
  class space    used 17883K, capacity 19338K, committed 19456K, reserved 1048576K
}
Event: 602.313 GC heap after
{Heap after GC invocations=126 (full 0):
 garbage-first heap   total 366592K, used 218941K [0x0000000080000000, 0x0000000100000000)
  region size 1024K, 6 young (6144K), 6 survivors (6144K)
 Metaspace       used 144997K, capacity 148867K, committed 149164K, reserved 1179648K
  class space    used 17883K, capacity 19338K, committed 19456K, reserved 1048576K
}
Event: 607.321 GC heap before
{Heap before GC invocations=126 (full 0):
 garbage-first heap   total 366592K, used 321341K [0x0000000080000000, 0x0000000100000000)
  region size 1024K, 107 young (109568K), 6 survivors (6144K)
 Metaspace       used 145007K, capacity 148935K, committed 149164K, reserved 1179648K
  class space    used 17884K, capacity 19339K, committed 19456K, reserved 1048576K
}
Event: 607.337 GC heap after
{Heap after GC invocations=127 (full 0):
 garbage-first heap   total 366592K, used 218535K [0x0000000080000000, 0x0000000100000000)
  region size 1024K, 6 young (6144K), 6 survivors (6144K)
 Metaspace       used 145007K, capacity 148935K, committed 149164K, reserved 1179648K
  class space    used 17884K, capacity 19339K, committed 19456K, reserved 1048576K
}
Event: 611.586 GC heap before
{Heap before GC invocations=127 (full 0):
 garbage-first heap   total 366592K, used 320935K [0x0000000080000000, 0x0000000100000000)
  region size 1024K, 107 young (109568K), 6 survivors (6144K)
 Metaspace       used 145029K, capacity 148938K, committed 149164K, reserved 1179648K
  class space    used 17885K, capacity 19339K, committed 19456K, reserved 1048576K
}
Event: 611.604 GC heap after
{Heap after GC invocations=128 (full 0):
 garbage-first heap   total 366592K, used 218931K [0x0000000080000000, 0x0000000100000000)
  region size 1024K, 6 young (6144K), 6 survivors (6144K)
 Metaspace       used 145029K, capacity 148938K, committed 149164K, reserved 1179648K
  class space    used 17885K, capacity 19339K, committed 19456K, reserved 1048576K
}
Event: 613.037 GC heap before
{Heap before GC invocations=128 (full 0):
 garbage-first heap   total 366592K, used 323379K [0x0000000080000000, 0x0000000100000000)
  region size 1024K, 107 young (109568K), 6 survivors (6144K)
 Metaspace       used 145036K, capacity 148939K, committed 149164K, reserved 1179648K
  class space    used 17885K, capacity 19339K, committed 19456K, reserved 1048576K
}
Event: 613.053 GC heap after
{Heap after GC invocations=129 (full 0):
 garbage-first heap   total 366592K, used 227973K [0x0000000080000000, 0x0000000100000000)
  region size 1024K, 14 young (14336K), 14 survivors (14336K)
 Metaspace       used 145036K, capacity 148939K, committed 149164K, reserved 1179648K
  class space    used 17885K, capacity 19339K, committed 19456K, reserved 1048576K
}
Event: 613.734 GC heap before
{Heap before GC invocations=129 (full 0):
 garbage-first heap   total 366592K, used 313989K [0x0000000080000000, 0x0000000100000000)
  region size 1024K, 99 young (101376K), 14 survivors (14336K)
 Metaspace       used 145047K, capacity 148940K, committed 149164K, reserved 1179648K
  class space    used 17885K, capacity 19339K, committed 19456K, reserved 1048576K
}

